QuestaSim vlog 10.6c Compiler 2017.07 Jul 25 2017
Start time: 10:54:16 on Nov 03,2025
vlog "+define+UVM_NO_DPI" -sv "+acc" "+cover" "+fcover" -l sr_ff.log top.sv "+incdir+/tools/mentor/questasim_10.6c/questasim/uvm-1.1d/../verilog_src/uvm-1.1d/src" 
-- Compiling package uvm_pkg (uvm-1.1d Built-in)
-- Compiling package global_pkg
-- Compiling package axi_uart_pkg
-- Importing package global_pkg
-- Importing package uvm_pkg (uvm-1.1d Built-in)
** Warning: ** while parsing file included at top.sv(3)
** at axi_uart_sequence.sv(18): (vlog-2240) Treating stand-alone use of function 'randomize' as an implicit VOID cast.
** Warning: ** while parsing file included at top.sv(3)
** at axi_uart_sequence.sv(24): (vlog-2239) Treating stand-alone use of presumed external function as an implicit VOID cast.
** Warning: ** while parsing file included at top.sv(3)
** at axi_uart_sequence.sv(44): (vlog-2240) Treating stand-alone use of function 'randomize' as an implicit VOID cast.
** Warning: ** while parsing file included at top.sv(3)
** at axi_uart_sequence.sv(50): (vlog-2239) Treating stand-alone use of presumed external function as an implicit VOID cast.
** Warning: ** while parsing file included at top.sv(3)
** at axi_uart_sequence.sv(70): (vlog-2240) Treating stand-alone use of function 'randomize' as an implicit VOID cast.
** Warning: ** while parsing file included at top.sv(3)
** at axi_uart_sequence.sv(76): (vlog-2239) Treating stand-alone use of presumed external function as an implicit VOID cast.
** Warning: ** while parsing file included at top.sv(3)
** at axi_uart_sequence.sv(96): (vlog-2240) Treating stand-alone use of function 'randomize' as an implicit VOID cast.
** Warning: ** while parsing file included at top.sv(3)
** at axi_uart_sequence.sv(102): (vlog-2239) Treating stand-alone use of presumed external function as an implicit VOID cast.
** Warning: ** while parsing file included at top.sv(3)
** at axi_uart_sequence.sv(122): (vlog-2240) Treating stand-alone use of function 'randomize' as an implicit VOID cast.
** Warning: ** while parsing file included at top.sv(3)
** at axi_uart_sequence.sv(128): (vlog-2239) Treating stand-alone use of presumed external function as an implicit VOID cast.
-- Compiling interface axi_uart_interface
-- Compiling module top_axis_uart
-- Compiling module axis_master_inp
-- Compiling module axis_fifo_uart_tx
-- Compiling module sync_fifo
-- Compiling module uart_tx
-- Compiling module uart_rec
** Warning: ** while parsing file included at top.sv(7)
** at top_axis_uart.sv(1): (vlog-2275) 'top_axis_uart' already exists and will be overwritten.
-- Compiling module top_axis_uart
-- Compiling module top
-- Importing package axi_uart_pkg

Top level modules:
	top
End time: 10:54:17 on Nov 03,2025, Elapsed time: 0:00:01
Errors: 0, Warnings: 11
